<?xml version="1.0" encoding="UTF-8"?>
<testng-results skipped="0" failed="0" ignored="1" total="2" passed="1">
  <reporter-output>
  </reporter-output>
  <suite name="Default suite" duration-ms="4826" started-at="2019-05-24T03:40:23Z" finished-at="2019-05-24T03:40:27Z">
    <groups>
    </groups>
    <test name="Default test" duration-ms="4826" started-at="2019-05-24T03:40:23Z" finished-at="2019-05-24T03:40:27Z">
      <class name="GIM.TestProjectFeb19.AppTest">
        <test-method status="PASS" signature="beforeTest()[pri:0, instance:GIM.TestProjectFeb19.AppTest@45099dd3]" name="beforeTest" is-config="true" duration-ms="3290" started-at="2019-05-24T03:40:23Z" finished-at="2019-05-24T03:40:26Z">
          <reporter-output>
          </reporter-output>
        </test-method> <!-- beforeTest -->
        <test-method status="PASS" signature="openForm()[pri:0, instance:GIM.TestProjectFeb19.AppTest@45099dd3]" name="openForm" duration-ms="1510" started-at="2019-05-24T03:40:26Z" finished-at="2019-05-24T03:40:27Z">
          <reporter-output>
          </reporter-output>
        </test-method> <!-- openForm -->
      </class> <!-- GIM.TestProjectFeb19.AppTest -->
    </test> <!-- Default test -->
  </suite> <!-- Default suite -->
</testng-results>
